The system is: Darwin - 21.5.0 - x86_64
Compiling the C compiler identification source file "CMakeCCompilerId.c" succeeded.
Compiler: /Applications/Xcode.app/Contents/Developer/Toolchains/XcodeDefault.xctoolchain/usr/bin/cc 
Build flags: 
Id flags: -c 

The output was:
0


Compilation of the C compiler identification source "CMakeCCompilerId.c" produced "CMakeCCompilerId.o"

The C compiler identification is AppleClang, found in "/Users/rodionkargapolov/CLionProjects/Yandex-praktikum/TransportCatalogue/cmake-build-debug/CMakeFiles/3.22.3/CompilerIdC/CMakeCCompilerId.o"

Compiling the CXX compiler identification source file "CMakeCXXCompilerId.cpp" succeeded.
Compiler: /usr/local/Cellar/gcc/11.3.0/bin/g++-11 
Build flags: 
Id flags:  

The output was:
0


Compilation of the CXX compiler identification source "CMakeCXXCompilerId.cpp" produced "a.out"

The CXX compiler identification is GNU, found in "/Users/rodionkargapolov/CLionProjects/Yandex-praktikum/TransportCatalogue/cmake-build-debug/CMakeFiles/3.22.3/CompilerIdCXX/a.out"

Detecting C compiler ABI info compiled with the following output:
Change Dir: /Users/rodionkargapolov/CLionProjects/Yandex-praktikum/TransportCatalogue/cmake-build-debug/CMakeFiles/CMakeTmp

Run Build Command(s):/Applications/CLion.app/Contents/bin/ninja/mac/ninja cmTC_7b6e7 && [1/2] Building C object CMakeFiles/cmTC_7b6e7.dir/CMakeCCompilerABI.c.o
Apple clang version 13.1.6 (clang-1316.0.21.2.5)
Target: x86_64-apple-darwin21.5.0
Thread model: posix
InstalledDir: /Applications/Xcode.app/Contents/Developer/Toolchains/XcodeDefault.xctoolchain/usr/bin
clang: warning: -Wl,-v: 'linker' input unused [-Wunused-command-line-argument]
 "/Applications/Xcode.app/Contents/Developer/Toolchains/XcodeDefault.xctoolchain/usr/bin/clang" -cc1 -triple x86_64-apple-macosx12.0.0 -Wundef-prefix=TARGET_OS_ -Wdeprecated-objc-isa-usage -Werror=deprecated-objc-isa-usage -Werror=implicit-function-declaration -emit-obj -mrelax-all --mrelax-relocations -disable-free -disable-llvm-verifier -discard-value-names -main-file-name CMakeCCompilerABI.c -mrelocation-model pic -pic-level 2 -mframe-pointer=all -fno-strict-return -fno-rounding-math -munwind-tables -target-sdk-version=12.3 -fvisibility-inlines-hidden-static-local-var -target-cpu penryn -tune-cpu generic -debugger-tuning=lldb -target-linker-version 763 -v -resource-dir /Applications/Xcode.app/Contents/Developer/Toolchains/XcodeDefault.xctoolchain/usr/lib/clang/13.1.6 -dependency-file CMakeFiles/cmTC_7b6e7.dir/CMakeCCompilerABI.c.o.d -skip-unused-modulemap-deps -MT CMakeFiles/cmTC_7b6e7.dir/CMakeCCompilerABI.c.o -sys-header-deps -isysroot /Applications/Xcode.app/Contents/Developer/Platforms/MacOSX.platform/Developer/SDKs/MacOSX12.3.sdk -internal-isystem /Applications/Xcode.app/Contents/Developer/Platforms/MacOSX.platform/Developer/SDKs/MacOSX12.3.sdk/usr/local/include -internal-isystem /Applications/Xcode.app/Contents/Developer/Toolchains/XcodeDefault.xctoolchain/usr/lib/clang/13.1.6/include -internal-externc-isystem /Applications/Xcode.app/Contents/Developer/Platforms/MacOSX.platform/Developer/SDKs/MacOSX12.3.sdk/usr/include -internal-externc-isystem /Applications/Xcode.app/Contents/Developer/Toolchains/XcodeDefault.xctoolchain/usr/include -Wno-reorder-init-list -Wno-implicit-int-float-conversion -Wno-c99-designator -Wno-final-dtor-non-final-class -Wno-extra-semi-stmt -Wno-misleading-indentation -Wno-quoted-include-in-framework-header -Wno-implicit-fallthrough -Wno-enum-enum-conversion -Wno-enum-float-conversion -Wno-elaborated-enum-base -Wno-reserved-identifier -Wno-gnu-folding-constant -Wno-objc-load-method -fdebug-compilation-dir=/Users/rodionkargapolov/CLionProjects/Yandex-praktikum/TransportCatalogue/cmake-build-debug/CMakeFiles/CMakeTmp -ferror-limit 19 -stack-protector 1 -fstack-check -mdarwin-stkchk-strong-link -fblocks -fencode-extended-block-signature -fregister-global-dtors-with-atexit -fgnuc-version=4.2.1 -fmax-type-align=16 -fcommon -clang-vendor-feature=+messageToSelfInClassMethodIdReturnType -clang-vendor-feature=+disableInferNewAvailabilityFromInit -clang-vendor-feature=+disableNonDependentMemberExprInCurrentInstantiation -fno-odr-hash-protocols -clang-vendor-feature=+enableAggressiveVLAFolding -clang-vendor-feature=+revert09abecef7bbf -clang-vendor-feature=+thisNoAlignAttr -clang-vendor-feature=+thisNoNullAttr -mllvm -disable-aligned-alloc-awareness=1 -D__GCC_HAVE_DWARF2_CFI_ASM=1 -o CMakeFiles/cmTC_7b6e7.dir/CMakeCCompilerABI.c.o -x c /Applications/CLion.app/Contents/bin/cmake/mac/share/cmake-3.22/Modules/CMakeCCompilerABI.c
clang -cc1 version 13.1.6 (clang-1316.0.21.2.5) default target x86_64-apple-darwin21.5.0
ignoring nonexistent directory "/Applications/Xcode.app/Contents/Developer/Platforms/MacOSX.platform/Developer/SDKs/MacOSX12.3.sdk/usr/local/include"
ignoring nonexistent directory "/Applications/Xcode.app/Contents/Developer/Platforms/MacOSX.platform/Developer/SDKs/MacOSX12.3.sdk/Library/Frameworks"
#include "..." search starts here:
#include <...> search starts here:
 /Applications/Xcode.app/Contents/Developer/Toolchains/XcodeDefault.xctoolchain/usr/lib/clang/13.1.6/include
 /Applications/Xcode.app/Contents/Developer/Platforms/MacOSX.platform/Developer/SDKs/MacOSX12.3.sdk/usr/include
 /Applications/Xcode.app/Contents/Developer/Toolchains/XcodeDefault.xctoolchain/usr/include
 /Applications/Xcode.app/Contents/Developer/Platforms/MacOSX.platform/Developer/SDKs/MacOSX12.3.sdk/System/Library/Frameworks (framework directory)
End of search list.
[2/2] Linking C executable cmTC_7b6e7
Apple clang version 13.1.6 (clang-1316.0.21.2.5)
Target: x86_64-apple-darwin21.5.0
Thread model: posix
InstalledDir: /Applications/Xcode.app/Contents/Developer/Toolchains/XcodeDefault.xctoolchain/usr/bin
 "/Applications/Xcode.app/Contents/Developer/Toolchains/XcodeDefault.xctoolchain/usr/bin/ld" -demangle -lto_library /Applications/Xcode.app/Contents/Developer/Toolchains/XcodeDefault.xctoolchain/usr/lib/libLTO.dylib -dynamic -arch x86_64 -platform_version macos 12.0.0 12.3 -syslibroot /Applications/Xcode.app/Contents/Developer/Platforms/MacOSX.platform/Developer/SDKs/MacOSX12.3.sdk -o cmTC_7b6e7 -search_paths_first -headerpad_max_install_names -v CMakeFiles/cmTC_7b6e7.dir/CMakeCCompilerABI.c.o -lSystem /Applications/Xcode.app/Contents/Developer/Toolchains/XcodeDefault.xctoolchain/usr/lib/clang/13.1.6/lib/darwin/libclang_rt.osx.a
@(#)PROGRAM:ld  PROJECT:ld64-764
BUILD 11:29:01 May 17 2022
configured to support archs: armv6 armv7 armv7s arm64 arm64e arm64_32 i386 x86_64 x86_64h armv6m armv7k armv7m armv7em
Library search paths:
	/Applications/Xcode.app/Contents/Developer/Platforms/MacOSX.platform/Developer/SDKs/MacOSX12.3.sdk/usr/lib
Framework search paths:
	/Applications/Xcode.app/Contents/Developer/Platforms/MacOSX.platform/Developer/SDKs/MacOSX12.3.sdk/System/Library/Frameworks/



Parsed C implicit include dir info from above output: rv=done
  found start of include info
  found start of implicit include info
    add: [/Applications/Xcode.app/Contents/Developer/Toolchains/XcodeDefault.xctoolchain/usr/lib/clang/13.1.6/include]
    add: [/Applications/Xcode.app/Contents/Developer/Platforms/MacOSX.platform/Developer/SDKs/MacOSX12.3.sdk/usr/include]
    add: [/Applications/Xcode.app/Contents/Developer/Toolchains/XcodeDefault.xctoolchain/usr/include]
  end of search list found
  collapse include dir [/Applications/Xcode.app/Contents/Developer/Toolchains/XcodeDefault.xctoolchain/usr/lib/clang/13.1.6/include] ==> [/Applications/Xcode.app/Contents/Developer/Toolchains/XcodeDefault.xctoolchain/usr/lib/clang/13.1.6/include]
  collapse include dir [/Applications/Xcode.app/Contents/Developer/Platforms/MacOSX.platform/Developer/SDKs/MacOSX12.3.sdk/usr/include] ==> [/Applications/Xcode.app/Contents/Developer/Platforms/MacOSX.platform/Developer/SDKs/MacOSX12.3.sdk/usr/include]
  collapse include dir [/Applications/Xcode.app/Contents/Developer/Toolchains/XcodeDefault.xctoolchain/usr/include] ==> [/Applications/Xcode.app/Contents/Developer/Toolchains/XcodeDefault.xctoolchain/usr/include]
  implicit include dirs: [/Applications/Xcode.app/Contents/Developer/Toolchains/XcodeDefault.xctoolchain/usr/lib/clang/13.1.6/include;/Applications/Xcode.app/Contents/Developer/Platforms/MacOSX.platform/Developer/SDKs/MacOSX12.3.sdk/usr/include;/Applications/Xcode.app/Contents/Developer/Toolchains/XcodeDefault.xctoolchain/usr/include]


Parsed C implicit link information from above output:
  link line regex: [^( *|.*[/\])(ld|CMAKE_LINK_STARTFILE-NOTFOUND|([^/\]+-)?ld|collect2)[^/\]*( |$)]
  ignore line: [Change Dir: /Users/rodionkargapolov/CLionProjects/Yandex-praktikum/TransportCatalogue/cmake-build-debug/CMakeFiles/CMakeTmp]
  ignore line: []
  ignore line: [Run Build Command(s):/Applications/CLion.app/Contents/bin/ninja/mac/ninja cmTC_7b6e7 && [1/2] Building C object CMakeFiles/cmTC_7b6e7.dir/CMakeCCompilerABI.c.o]
  ignore line: [Apple clang version 13.1.6 (clang-1316.0.21.2.5)]
  ignore line: [Target: x86_64-apple-darwin21.5.0]
  ignore line: [Thread model: posix]
  ignore line: [InstalledDir: /Applications/Xcode.app/Contents/Developer/Toolchains/XcodeDefault.xctoolchain/usr/bin]
  ignore line: [clang: warning: -Wl -v: 'linker' input unused [-Wunused-command-line-argument]]
  ignore line: [ "/Applications/Xcode.app/Contents/Developer/Toolchains/XcodeDefault.xctoolchain/usr/bin/clang" -cc1 -triple x86_64-apple-macosx12.0.0 -Wundef-prefix=TARGET_OS_ -Wdeprecated-objc-isa-usage -Werror=deprecated-objc-isa-usage -Werror=implicit-function-declaration -emit-obj -mrelax-all --mrelax-relocations -disable-free -disable-llvm-verifier -discard-value-names -main-file-name CMakeCCompilerABI.c -mrelocation-model pic -pic-level 2 -mframe-pointer=all -fno-strict-return -fno-rounding-math -munwind-tables -target-sdk-version=12.3 -fvisibility-inlines-hidden-static-local-var -target-cpu penryn -tune-cpu generic -debugger-tuning=lldb -target-linker-version 763 -v -resource-dir /Applications/Xcode.app/Contents/Developer/Toolchains/XcodeDefault.xctoolchain/usr/lib/clang/13.1.6 -dependency-file CMakeFiles/cmTC_7b6e7.dir/CMakeCCompilerABI.c.o.d -skip-unused-modulemap-deps -MT CMakeFiles/cmTC_7b6e7.dir/CMakeCCompilerABI.c.o -sys-header-deps -isysroot /Applications/Xcode.app/Contents/Developer/Platforms/MacOSX.platform/Developer/SDKs/MacOSX12.3.sdk -internal-isystem /Applications/Xcode.app/Contents/Developer/Platforms/MacOSX.platform/Developer/SDKs/MacOSX12.3.sdk/usr/local/include -internal-isystem /Applications/Xcode.app/Contents/Developer/Toolchains/XcodeDefault.xctoolchain/usr/lib/clang/13.1.6/include -internal-externc-isystem /Applications/Xcode.app/Contents/Developer/Platforms/MacOSX.platform/Developer/SDKs/MacOSX12.3.sdk/usr/include -internal-externc-isystem /Applications/Xcode.app/Contents/Developer/Toolchains/XcodeDefault.xctoolchain/usr/include -Wno-reorder-init-list -Wno-implicit-int-float-conversion -Wno-c99-designator -Wno-final-dtor-non-final-class -Wno-extra-semi-stmt -Wno-misleading-indentation -Wno-quoted-include-in-framework-header -Wno-implicit-fallthrough -Wno-enum-enum-conversion -Wno-enum-float-conversion -Wno-elaborated-enum-base -Wno-reserved-identifier -Wno-gnu-folding-constant -Wno-objc-load-method -fdebug-compilation-dir=/Users/rodionkargapolov/CLionProjects/Yandex-praktikum/TransportCatalogue/cmake-build-debug/CMakeFiles/CMakeTmp -ferror-limit 19 -stack-protector 1 -fstack-check -mdarwin-stkchk-strong-link -fblocks -fencode-extended-block-signature -fregister-global-dtors-with-atexit -fgnuc-version=4.2.1 -fmax-type-align=16 -fcommon -clang-vendor-feature=+messageToSelfInClassMethodIdReturnType -clang-vendor-feature=+disableInferNewAvailabilityFromInit -clang-vendor-feature=+disableNonDependentMemberExprInCurrentInstantiation -fno-odr-hash-protocols -clang-vendor-feature=+enableAggressiveVLAFolding -clang-vendor-feature=+revert09abecef7bbf -clang-vendor-feature=+thisNoAlignAttr -clang-vendor-feature=+thisNoNullAttr -mllvm -disable-aligned-alloc-awareness=1 -D__GCC_HAVE_DWARF2_CFI_ASM=1 -o CMakeFiles/cmTC_7b6e7.dir/CMakeCCompilerABI.c.o -x c /Applications/CLion.app/Contents/bin/cmake/mac/share/cmake-3.22/Modules/CMakeCCompilerABI.c]
  ignore line: [clang -cc1 version 13.1.6 (clang-1316.0.21.2.5) default target x86_64-apple-darwin21.5.0]
  ignore line: [ignoring nonexistent directory "/Applications/Xcode.app/Contents/Developer/Platforms/MacOSX.platform/Developer/SDKs/MacOSX12.3.sdk/usr/local/include"]
  ignore line: [ignoring nonexistent directory "/Applications/Xcode.app/Contents/Developer/Platforms/MacOSX.platform/Developer/SDKs/MacOSX12.3.sdk/Library/Frameworks"]
  ignore line: [#include "..." search starts here:]
  ignore line: [#include <...> search starts here:]
  ignore line: [ /Applications/Xcode.app/Contents/Developer/Toolchains/XcodeDefault.xctoolchain/usr/lib/clang/13.1.6/include]
  ignore line: [ /Applications/Xcode.app/Contents/Developer/Platforms/MacOSX.platform/Developer/SDKs/MacOSX12.3.sdk/usr/include]
  ignore line: [ /Applications/Xcode.app/Contents/Developer/Toolchains/XcodeDefault.xctoolchain/usr/include]
  ignore line: [ /Applications/Xcode.app/Contents/Developer/Platforms/MacOSX.platform/Developer/SDKs/MacOSX12.3.sdk/System/Library/Frameworks (framework directory)]
  ignore line: [End of search list.]
  ignore line: [[2/2] Linking C executable cmTC_7b6e7]
  ignore line: [Apple clang version 13.1.6 (clang-1316.0.21.2.5)]
  ignore line: [Target: x86_64-apple-darwin21.5.0]
  ignore line: [Thread model: posix]
  ignore line: [InstalledDir: /Applications/Xcode.app/Contents/Developer/Toolchains/XcodeDefault.xctoolchain/usr/bin]
  link line: [ "/Applications/Xcode.app/Contents/Developer/Toolchains/XcodeDefault.xctoolchain/usr/bin/ld" -demangle -lto_library /Applications/Xcode.app/Contents/Developer/Toolchains/XcodeDefault.xctoolchain/usr/lib/libLTO.dylib -dynamic -arch x86_64 -platform_version macos 12.0.0 12.3 -syslibroot /Applications/Xcode.app/Contents/Developer/Platforms/MacOSX.platform/Developer/SDKs/MacOSX12.3.sdk -o cmTC_7b6e7 -search_paths_first -headerpad_max_install_names -v CMakeFiles/cmTC_7b6e7.dir/CMakeCCompilerABI.c.o -lSystem /Applications/Xcode.app/Contents/Developer/Toolchains/XcodeDefault.xctoolchain/usr/lib/clang/13.1.6/lib/darwin/libclang_rt.osx.a]
    arg [/Applications/Xcode.app/Contents/Developer/Toolchains/XcodeDefault.xctoolchain/usr/bin/ld] ==> ignore
    arg [-demangle] ==> ignore
    arg [-lto_library] ==> ignore, skip following value
    arg [/Applications/Xcode.app/Contents/Developer/Toolchains/XcodeDefault.xctoolchain/usr/lib/libLTO.dylib] ==> skip value of -lto_library
    arg [-dynamic] ==> ignore
    arg [-arch] ==> ignore
    arg [x86_64] ==> ignore
    arg [-platform_version] ==> ignore
    arg [macos] ==> ignore
    arg [12.0.0] ==> ignore
    arg [12.3] ==> ignore
    arg [-syslibroot] ==> ignore
    arg [/Applications/Xcode.app/Contents/Developer/Platforms/MacOSX.platform/Developer/SDKs/MacOSX12.3.sdk] ==> ignore
    arg [-o] ==> ignore
    arg [cmTC_7b6e7] ==> ignore
    arg [-search_paths_first] ==> ignore
    arg [-headerpad_max_install_names] ==> ignore
    arg [-v] ==> ignore
    arg [CMakeFiles/cmTC_7b6e7.dir/CMakeCCompilerABI.c.o] ==> ignore
    arg [-lSystem] ==> lib [System]
    arg [/Applications/Xcode.app/Contents/Developer/Toolchains/XcodeDefault.xctoolchain/usr/lib/clang/13.1.6/lib/darwin/libclang_rt.osx.a] ==> lib [/Applications/Xcode.app/Contents/Developer/Toolchains/XcodeDefault.xctoolchain/usr/lib/clang/13.1.6/lib/darwin/libclang_rt.osx.a]
  Library search paths: [;/Applications/Xcode.app/Contents/Developer/Platforms/MacOSX.platform/Developer/SDKs/MacOSX12.3.sdk/usr/lib]
  Framework search paths: [;/Applications/Xcode.app/Contents/Developer/Platforms/MacOSX.platform/Developer/SDKs/MacOSX12.3.sdk/System/Library/Frameworks/]
  remove lib [System]
  remove lib [/Applications/Xcode.app/Contents/Developer/Toolchains/XcodeDefault.xctoolchain/usr/lib/clang/13.1.6/lib/darwin/libclang_rt.osx.a]
  collapse library dir [/Applications/Xcode.app/Contents/Developer/Platforms/MacOSX.platform/Developer/SDKs/MacOSX12.3.sdk/usr/lib] ==> [/Applications/Xcode.app/Contents/Developer/Platforms/MacOSX.platform/Developer/SDKs/MacOSX12.3.sdk/usr/lib]
  collapse framework dir [/Applications/Xcode.app/Contents/Developer/Platforms/MacOSX.platform/Developer/SDKs/MacOSX12.3.sdk/System/Library/Frameworks/] ==> [/Applications/Xcode.app/Contents/Developer/Platforms/MacOSX.platform/Developer/SDKs/MacOSX12.3.sdk/System/Library/Frameworks]
  implicit libs: []
  implicit objs: []
  implicit dirs: [/Applications/Xcode.app/Contents/Developer/Platforms/MacOSX.platform/Developer/SDKs/MacOSX12.3.sdk/usr/lib]
  implicit fwks: [/Applications/Xcode.app/Contents/Developer/Platforms/MacOSX.platform/Developer/SDKs/MacOSX12.3.sdk/System/Library/Frameworks]


Detecting CXX compiler ABI info compiled with the following output:
Change Dir: /Users/rodionkargapolov/CLionProjects/Yandex-praktikum/TransportCatalogue/cmake-build-debug/CMakeFiles/CMakeTmp

Run Build Command(s):/Applications/CLion.app/Contents/bin/ninja/mac/ninja cmTC_0a315 && [1/2] Building CXX object CMakeFiles/cmTC_0a315.dir/CMakeCXXCompilerABI.cpp.o
Using built-in specs.
COLLECT_GCC=/usr/local/Cellar/gcc/11.3.0/bin/g++-11
Target: x86_64-apple-darwin21
Configured with: ../configure --prefix=/usr/local/opt/gcc --libdir=/usr/local/opt/gcc/lib/gcc/11 --disable-nls --enable-checking=release --with-gcc-major-version-only --enable-languages=c,c++,objc,obj-c++,fortran,d --program-suffix=-11 --with-gmp=/usr/local/opt/gmp --with-mpfr=/usr/local/opt/mpfr --with-mpc=/usr/local/opt/libmpc --with-isl=/usr/local/opt/isl --with-zstd=/usr/local/opt/zstd --with-pkgversion='Homebrew GCC 11.3.0' --with-bugurl=https://github.com/Homebrew/homebrew-core/issues --enable-libphobos --build=x86_64-apple-darwin21 --with-system-zlib --disable-multilib --with-native-system-header-dir=/usr/include --with-sysroot=/Library/Developer/CommandLineTools/SDKs/MacOSX12.sdk
Thread model: posix
Supported LTO compression algorithms: zlib zstd
gcc version 11.3.0 (Homebrew GCC 11.3.0) 
COLLECT_GCC_OPTIONS='-isysroot' '/Applications/Xcode.app/Contents/Developer/Platforms/MacOSX.platform/Developer/SDKs/MacOSX12.3.sdk' '-v' '-o' 'CMakeFiles/cmTC_0a315.dir/CMakeCXXCompilerABI.cpp.o' '-c' '-mmacosx-version-min=12.4.0' '-asm_macosx_version_min=12.4' '-nodefaultexport' '-shared-libgcc' '-mtune=core2' '-dumpdir' 'CMakeFiles/cmTC_0a315.dir/'
 /usr/local/Cellar/gcc/11.3.0/bin/../libexec/gcc/x86_64-apple-darwin21/11/cc1plus -quiet -v -iprefix /usr/local/Cellar/gcc/11.3.0/bin/../lib/gcc/11/gcc/x86_64-apple-darwin21/11/ -D__DYNAMIC__ -isysroot /Applications/Xcode.app/Contents/Developer/Platforms/MacOSX.platform/Developer/SDKs/MacOSX12.3.sdk /Applications/CLion.app/Contents/bin/cmake/mac/share/cmake-3.22/Modules/CMakeCXXCompilerABI.cpp -fPIC -quiet -dumpdir CMakeFiles/cmTC_0a315.dir/ -dumpbase CMakeCXXCompilerABI.cpp.cpp -dumpbase-ext .cpp -mmacosx-version-min=12.4.0 -mtune=core2 -version -o /var/folders/g0/xsrst9lx5cz853pvxj7pxdh00000gn/T//ccZj3hlC.s
GNU C++17 (Homebrew GCC 11.3.0) version 11.3.0 (x86_64-apple-darwin21)
	compiled by GNU C version 11.3.0, GMP version 6.2.1, MPFR version 4.1.0, MPC version 1.2.1, isl version isl-0.24-GMP

GGC heuristics: --param ggc-min-expand=100 --param ggc-min-heapsize=131072
ignoring nonexistent directory "/usr/local/Cellar/gcc/11.3.0/bin/../lib/gcc/11/gcc/x86_64-apple-darwin21/11/../../../../../../x86_64-apple-darwin21/include"
ignoring duplicate directory "/usr/local/Cellar/gcc/11.3.0/bin/../lib/gcc/11/gcc/../../../../lib/gcc/11/gcc/x86_64-apple-darwin21/11/../../../../../../include/c++/11"
ignoring duplicate directory "/usr/local/Cellar/gcc/11.3.0/bin/../lib/gcc/11/gcc/../../../../lib/gcc/11/gcc/x86_64-apple-darwin21/11/../../../../../../include/c++/11/x86_64-apple-darwin21"
ignoring duplicate directory "/usr/local/Cellar/gcc/11.3.0/bin/../lib/gcc/11/gcc/../../../../lib/gcc/11/gcc/x86_64-apple-darwin21/11/../../../../../../include/c++/11/backward"
ignoring duplicate directory "/usr/local/Cellar/gcc/11.3.0/bin/../lib/gcc/11/gcc/../../../../lib/gcc/11/gcc/x86_64-apple-darwin21/11/include"
ignoring nonexistent directory "/Applications/Xcode.app/Contents/Developer/Platforms/MacOSX.platform/Developer/SDKs/MacOSX12.3.sdk/usr/local/include"
ignoring duplicate directory "/usr/local/Cellar/gcc/11.3.0/bin/../lib/gcc/11/gcc/../../../../lib/gcc/11/gcc/x86_64-apple-darwin21/11/include-fixed"
ignoring nonexistent directory "/usr/local/Cellar/gcc/11.3.0/bin/../lib/gcc/11/gcc/../../../../lib/gcc/11/gcc/x86_64-apple-darwin21/11/../../../../../../x86_64-apple-darwin21/include"
ignoring nonexistent directory "/Applications/Xcode.app/Contents/Developer/Platforms/MacOSX.platform/Developer/SDKs/MacOSX12.3.sdk/Library/Frameworks"
#include "..." search starts here:
#include <...> search starts here:
 /usr/local/Cellar/gcc/11.3.0/bin/../lib/gcc/11/gcc/x86_64-apple-darwin21/11/../../../../../../include/c++/11
 /usr/local/Cellar/gcc/11.3.0/bin/../lib/gcc/11/gcc/x86_64-apple-darwin21/11/../../../../../../include/c++/11/x86_64-apple-darwin21
 /usr/local/Cellar/gcc/11.3.0/bin/../lib/gcc/11/gcc/x86_64-apple-darwin21/11/../../../../../../include/c++/11/backward
 /usr/local/Cellar/gcc/11.3.0/bin/../lib/gcc/11/gcc/x86_64-apple-darwin21/11/include
 /usr/local/Cellar/gcc/11.3.0/bin/../lib/gcc/11/gcc/x86_64-apple-darwin21/11/include-fixed
 /Applications/Xcode.app/Contents/Developer/Platforms/MacOSX.platform/Developer/SDKs/MacOSX12.3.sdk/usr/include
 /Applications/Xcode.app/Contents/Developer/Platforms/MacOSX.platform/Developer/SDKs/MacOSX12.3.sdk/System/Library/Frameworks
End of search list.
GNU C++17 (Homebrew GCC 11.3.0) version 11.3.0 (x86_64-apple-darwin21)
	compiled by GNU C version 11.3.0, GMP version 6.2.1, MPFR version 4.1.0, MPC version 1.2.1, isl version isl-0.24-GMP

GGC heuristics: --param ggc-min-expand=100 --param ggc-min-heapsize=131072
Compiler executable checksum: a437531753697f8dd00ceac566150e08
COLLECT_GCC_OPTIONS='-isysroot' '/Applications/Xcode.app/Contents/Developer/Platforms/MacOSX.platform/Developer/SDKs/MacOSX12.3.sdk' '-v' '-o' 'CMakeFiles/cmTC_0a315.dir/CMakeCXXCompilerABI.cpp.o' '-c' '-mmacosx-version-min=12.4.0'  '-nodefaultexport' '-shared-libgcc' '-mtune=core2' '-dumpdir' 'CMakeFiles/cmTC_0a315.dir/'
 as -arch x86_64 -v -mmacosx-version-min=12.4 -mllvm -x86-pad-for-align=false -force_cpusubtype_ALL -o CMakeFiles/cmTC_0a315.dir/CMakeCXXCompilerABI.cpp.o /var/folders/g0/xsrst9lx5cz853pvxj7pxdh00000gn/T//ccZj3hlC.s
Apple clang version 13.1.6 (clang-1316.0.21.2.5)
Target: x86_64-apple-darwin21.5.0
Thread model: posix
InstalledDir: /Applications/Xcode.app/Contents/Developer/Toolchains/XcodeDefault.xctoolchain/usr/bin
 "/Applications/Xcode.app/Contents/Developer/Toolchains/XcodeDefault.xctoolchain/usr/bin/clang" -cc1as -triple x86_64-apple-macosx12.4.0 -filetype obj -main-file-name ccZj3hlC.s -target-cpu penryn -fdebug-compilation-dir=/Users/rodionkargapolov/CLionProjects/Yandex-praktikum/TransportCatalogue/cmake-build-debug/CMakeFiles/CMakeTmp -dwarf-debug-producer "Apple clang version 13.1.6 (clang-1316.0.21.2.5)" -dwarf-version=4 -mrelocation-model pic --mrelax-relocations -mllvm -x86-pad-for-align=false -mllvm -disable-aligned-alloc-awareness=1 -o CMakeFiles/cmTC_0a315.dir/CMakeCXXCompilerABI.cpp.o /var/folders/g0/xsrst9lx5cz853pvxj7pxdh00000gn/T//ccZj3hlC.s
COMPILER_PATH=/usr/local/Cellar/gcc/11.3.0/bin/../libexec/gcc/x86_64-apple-darwin21/11/:/usr/local/Cellar/gcc/11.3.0/bin/../libexec/gcc/
LIBRARY_PATH=/usr/local/Cellar/gcc/11.3.0/bin/../lib/gcc/11/gcc/x86_64-apple-darwin21/11/:/usr/local/Cellar/gcc/11.3.0/bin/../lib/gcc/11/gcc/:/usr/local/Cellar/gcc/11.3.0/bin/../lib/gcc/11/gcc/x86_64-apple-darwin21/11/../../../
COLLECT_GCC_OPTIONS='-isysroot' '/Applications/Xcode.app/Contents/Developer/Platforms/MacOSX.platform/Developer/SDKs/MacOSX12.3.sdk' '-v' '-o' 'CMakeFiles/cmTC_0a315.dir/CMakeCXXCompilerABI.cpp.o' '-c' '-mmacosx-version-min=12.4.0'  '-nodefaultexport' '-shared-libgcc' '-mtune=core2' '-dumpdir' 'CMakeFiles/cmTC_0a315.dir/CMakeCXXCompilerABI.cpp.'
[2/2] Linking CXX executable cmTC_0a315
Using built-in specs.
COLLECT_GCC=/usr/local/Cellar/gcc/11.3.0/bin/g++-11
COLLECT_LTO_WRAPPER=/usr/local/Cellar/gcc/11.3.0/bin/../libexec/gcc/x86_64-apple-darwin21/11/lto-wrapper
Target: x86_64-apple-darwin21
Configured with: ../configure --prefix=/usr/local/opt/gcc --libdir=/usr/local/opt/gcc/lib/gcc/11 --disable-nls --enable-checking=release --with-gcc-major-version-only --enable-languages=c,c++,objc,obj-c++,fortran,d --program-suffix=-11 --with-gmp=/usr/local/opt/gmp --with-mpfr=/usr/local/opt/mpfr --with-mpc=/usr/local/opt/libmpc --with-isl=/usr/local/opt/isl --with-zstd=/usr/local/opt/zstd --with-pkgversion='Homebrew GCC 11.3.0' --with-bugurl=https://github.com/Homebrew/homebrew-core/issues --enable-libphobos --build=x86_64-apple-darwin21 --with-system-zlib --disable-multilib --with-native-system-header-dir=/usr/include --with-sysroot=/Library/Developer/CommandLineTools/SDKs/MacOSX12.sdk
Thread model: posix
Supported LTO compression algorithms: zlib zstd
gcc version 11.3.0 (Homebrew GCC 11.3.0) 
COMPILER_PATH=/usr/local/Cellar/gcc/11.3.0/bin/../libexec/gcc/x86_64-apple-darwin21/11/:/usr/local/Cellar/gcc/11.3.0/bin/../libexec/gcc/
LIBRARY_PATH=/usr/local/Cellar/gcc/11.3.0/bin/../lib/gcc/11/gcc/x86_64-apple-darwin21/11/:/usr/local/Cellar/gcc/11.3.0/bin/../lib/gcc/11/gcc/:/usr/local/Cellar/gcc/11.3.0/bin/../lib/gcc/11/gcc/x86_64-apple-darwin21/11/../../../
COLLECT_GCC_OPTIONS='-isysroot' '/Applications/Xcode.app/Contents/Developer/Platforms/MacOSX.platform/Developer/SDKs/MacOSX12.3.sdk' '-v' '-o' 'cmTC_0a315' '-mmacosx-version-min=12.4.0' '-asm_macosx_version_min=12.4' '-nodefaultexport' '-shared-libgcc' '-mtune=core2' '-dumpdir' 'cmTC_0a315.'
 /usr/local/Cellar/gcc/11.3.0/bin/../libexec/gcc/x86_64-apple-darwin21/11/collect2 -dynamic -arch x86_64 -syslibroot /Applications/Xcode.app/Contents/Developer/Platforms/MacOSX.platform/Developer/SDKs/MacOSX12.3.sdk -macosx_version_min 12.4.0 -o cmTC_0a315 -L/usr/local/Cellar/gcc/11.3.0/bin/../lib/gcc/11/gcc/x86_64-apple-darwin21/11 -L/usr/local/Cellar/gcc/11.3.0/bin/../lib/gcc/11/gcc -L/usr/local/Cellar/gcc/11.3.0/bin/../lib/gcc/11/gcc/x86_64-apple-darwin21/11/../../.. -search_paths_first -headerpad_max_install_names -v CMakeFiles/cmTC_0a315.dir/CMakeCXXCompilerABI.cpp.o -lstdc++ -lemutls_w -lgcc -lSystem -no_compact_unwind
collect2 version 11.3.0
/usr/bin/ld -dynamic -arch x86_64 -syslibroot /Applications/Xcode.app/Contents/Developer/Platforms/MacOSX.platform/Developer/SDKs/MacOSX12.3.sdk -macosx_version_min 12.4.0 -o cmTC_0a315 -L/usr/local/Cellar/gcc/11.3.0/bin/../lib/gcc/11/gcc/x86_64-apple-darwin21/11 -L/usr/local/Cellar/gcc/11.3.0/bin/../lib/gcc/11/gcc -L/usr/local/Cellar/gcc/11.3.0/bin/../lib/gcc/11/gcc/x86_64-apple-darwin21/11/../../.. -search_paths_first -headerpad_max_install_names -v CMakeFiles/cmTC_0a315.dir/CMakeCXXCompilerABI.cpp.o -lstdc++ -lemutls_w -lgcc -lSystem -no_compact_unwind
@(#)PROGRAM:ld  PROJECT:ld64-764
BUILD 11:29:01 May 17 2022
configured to support archs: armv6 armv7 armv7s arm64 arm64e arm64_32 i386 x86_64 x86_64h armv6m armv7k armv7m armv7em
Library search paths:
	/usr/local/Cellar/gcc/11.3.0/lib/gcc/11/gcc/x86_64-apple-darwin21/11
	/usr/local/Cellar/gcc/11.3.0/lib/gcc/11/gcc
	/usr/local/Cellar/gcc/11.3.0/lib/gcc/11
	/Applications/Xcode.app/Contents/Developer/Platforms/MacOSX.platform/Developer/SDKs/MacOSX12.3.sdk/usr/lib
Framework search paths:
	/Applications/Xcode.app/Contents/Developer/Platforms/MacOSX.platform/Developer/SDKs/MacOSX12.3.sdk/System/Library/Frameworks/



Parsed CXX implicit include dir info from above output: rv=done
  found start of include info
  found start of implicit include info
    add: [/usr/local/Cellar/gcc/11.3.0/bin/../lib/gcc/11/gcc/x86_64-apple-darwin21/11/../../../../../../include/c++/11]
    add: [/usr/local/Cellar/gcc/11.3.0/bin/../lib/gcc/11/gcc/x86_64-apple-darwin21/11/../../../../../../include/c++/11/x86_64-apple-darwin21]
    add: [/usr/local/Cellar/gcc/11.3.0/bin/../lib/gcc/11/gcc/x86_64-apple-darwin21/11/../../../../../../include/c++/11/backward]
    add: [/usr/local/Cellar/gcc/11.3.0/bin/../lib/gcc/11/gcc/x86_64-apple-darwin21/11/include]
    add: [/usr/local/Cellar/gcc/11.3.0/bin/../lib/gcc/11/gcc/x86_64-apple-darwin21/11/include-fixed]
    add: [/Applications/Xcode.app/Contents/Developer/Platforms/MacOSX.platform/Developer/SDKs/MacOSX12.3.sdk/usr/include]
    add: [/Applications/Xcode.app/Contents/Developer/Platforms/MacOSX.platform/Developer/SDKs/MacOSX12.3.sdk/System/Library/Frameworks]
  end of search list found
  collapse include dir [/usr/local/Cellar/gcc/11.3.0/bin/../lib/gcc/11/gcc/x86_64-apple-darwin21/11/../../../../../../include/c++/11] ==> [/usr/local/Cellar/gcc/11.3.0/include/c++/11]
  collapse include dir [/usr/local/Cellar/gcc/11.3.0/bin/../lib/gcc/11/gcc/x86_64-apple-darwin21/11/../../../../../../include/c++/11/x86_64-apple-darwin21] ==> [/usr/local/Cellar/gcc/11.3.0/include/c++/11/x86_64-apple-darwin21]
  collapse include dir [/usr/local/Cellar/gcc/11.3.0/bin/../lib/gcc/11/gcc/x86_64-apple-darwin21/11/../../../../../../include/c++/11/backward] ==> [/usr/local/Cellar/gcc/11.3.0/include/c++/11/backward]
  collapse include dir [/usr/local/Cellar/gcc/11.3.0/bin/../lib/gcc/11/gcc/x86_64-apple-darwin21/11/include] ==> [/usr/local/Cellar/gcc/11.3.0/lib/gcc/11/gcc/x86_64-apple-darwin21/11/include]
  collapse include dir [/usr/local/Cellar/gcc/11.3.0/bin/../lib/gcc/11/gcc/x86_64-apple-darwin21/11/include-fixed] ==> [/usr/local/Cellar/gcc/11.3.0/lib/gcc/11/gcc/x86_64-apple-darwin21/11/include-fixed]
  collapse include dir [/Applications/Xcode.app/Contents/Developer/Platforms/MacOSX.platform/Developer/SDKs/MacOSX12.3.sdk/usr/include] ==> [/Applications/Xcode.app/Contents/Developer/Platforms/MacOSX.platform/Developer/SDKs/MacOSX12.3.sdk/usr/include]
  collapse include dir [/Applications/Xcode.app/Contents/Developer/Platforms/MacOSX.platform/Developer/SDKs/MacOSX12.3.sdk/System/Library/Frameworks] ==> [/Applications/Xcode.app/Contents/Developer/Platforms/MacOSX.platform/Developer/SDKs/MacOSX12.3.sdk/System/Library/Frameworks]
  implicit include dirs: [/usr/local/Cellar/gcc/11.3.0/include/c++/11;/usr/local/Cellar/gcc/11.3.0/include/c++/11/x86_64-apple-darwin21;/usr/local/Cellar/gcc/11.3.0/include/c++/11/backward;/usr/local/Cellar/gcc/11.3.0/lib/gcc/11/gcc/x86_64-apple-darwin21/11/include;/usr/local/Cellar/gcc/11.3.0/lib/gcc/11/gcc/x86_64-apple-darwin21/11/include-fixed;/Applications/Xcode.app/Contents/Developer/Platforms/MacOSX.platform/Developer/SDKs/MacOSX12.3.sdk/usr/include;/Applications/Xcode.app/Contents/Developer/Platforms/MacOSX.platform/Developer/SDKs/MacOSX12.3.sdk/System/Library/Frameworks]


Parsed CXX implicit link information from above output:
  link line regex: [^( *|.*[/\])(ld|CMAKE_LINK_STARTFILE-NOTFOUND|([^/\]+-)?ld|collect2)[^/\]*( |$)]
  ignore line: [Change Dir: /Users/rodionkargapolov/CLionProjects/Yandex-praktikum/TransportCatalogue/cmake-build-debug/CMakeFiles/CMakeTmp]
  ignore line: []
  ignore line: [Run Build Command(s):/Applications/CLion.app/Contents/bin/ninja/mac/ninja cmTC_0a315 && [1/2] Building CXX object CMakeFiles/cmTC_0a315.dir/CMakeCXXCompilerABI.cpp.o]
  ignore line: [Using built-in specs.]
  ignore line: [COLLECT_GCC=/usr/local/Cellar/gcc/11.3.0/bin/g++-11]
  ignore line: [Target: x86_64-apple-darwin21]
  ignore line: [Configured with: ../configure --prefix=/usr/local/opt/gcc --libdir=/usr/local/opt/gcc/lib/gcc/11 --disable-nls --enable-checking=release --with-gcc-major-version-only --enable-languages=c c++ objc obj-c++ fortran d --program-suffix=-11 --with-gmp=/usr/local/opt/gmp --with-mpfr=/usr/local/opt/mpfr --with-mpc=/usr/local/opt/libmpc --with-isl=/usr/local/opt/isl --with-zstd=/usr/local/opt/zstd --with-pkgversion='Homebrew GCC 11.3.0' --with-bugurl=https://github.com/Homebrew/homebrew-core/issues --enable-libphobos --build=x86_64-apple-darwin21 --with-system-zlib --disable-multilib --with-native-system-header-dir=/usr/include --with-sysroot=/Library/Developer/CommandLineTools/SDKs/MacOSX12.sdk]
  ignore line: [Thread model: posix]
  ignore line: [Supported LTO compression algorithms: zlib zstd]
  ignore line: [gcc version 11.3.0 (Homebrew GCC 11.3.0) ]
  ignore line: [COLLECT_GCC_OPTIONS='-isysroot' '/Applications/Xcode.app/Contents/Developer/Platforms/MacOSX.platform/Developer/SDKs/MacOSX12.3.sdk' '-v' '-o' 'CMakeFiles/cmTC_0a315.dir/CMakeCXXCompilerABI.cpp.o' '-c' '-mmacosx-version-min=12.4.0' '-asm_macosx_version_min=12.4' '-nodefaultexport' '-shared-libgcc' '-mtune=core2' '-dumpdir' 'CMakeFiles/cmTC_0a315.dir/']
  ignore line: [ /usr/local/Cellar/gcc/11.3.0/bin/../libexec/gcc/x86_64-apple-darwin21/11/cc1plus -quiet -v -iprefix /usr/local/Cellar/gcc/11.3.0/bin/../lib/gcc/11/gcc/x86_64-apple-darwin21/11/ -D__DYNAMIC__ -isysroot /Applications/Xcode.app/Contents/Developer/Platforms/MacOSX.platform/Developer/SDKs/MacOSX12.3.sdk /Applications/CLion.app/Contents/bin/cmake/mac/share/cmake-3.22/Modules/CMakeCXXCompilerABI.cpp -fPIC -quiet -dumpdir CMakeFiles/cmTC_0a315.dir/ -dumpbase CMakeCXXCompilerABI.cpp.cpp -dumpbase-ext .cpp -mmacosx-version-min=12.4.0 -mtune=core2 -version -o /var/folders/g0/xsrst9lx5cz853pvxj7pxdh00000gn/T//ccZj3hlC.s]
  ignore line: [GNU C++17 (Homebrew GCC 11.3.0) version 11.3.0 (x86_64-apple-darwin21)]
  ignore line: [	compiled by GNU C version 11.3.0  GMP version 6.2.1  MPFR version 4.1.0  MPC version 1.2.1  isl version isl-0.24-GMP]
  ignore line: []
  ignore line: [GGC heuristics: --param ggc-min-expand=100 --param ggc-min-heapsize=131072]
  ignore line: [ignoring nonexistent directory "/usr/local/Cellar/gcc/11.3.0/bin/../lib/gcc/11/gcc/x86_64-apple-darwin21/11/../../../../../../x86_64-apple-darwin21/include"]
  ignore line: [ignoring duplicate directory "/usr/local/Cellar/gcc/11.3.0/bin/../lib/gcc/11/gcc/../../../../lib/gcc/11/gcc/x86_64-apple-darwin21/11/../../../../../../include/c++/11"]
  ignore line: [ignoring duplicate directory "/usr/local/Cellar/gcc/11.3.0/bin/../lib/gcc/11/gcc/../../../../lib/gcc/11/gcc/x86_64-apple-darwin21/11/../../../../../../include/c++/11/x86_64-apple-darwin21"]
  ignore line: [ignoring duplicate directory "/usr/local/Cellar/gcc/11.3.0/bin/../lib/gcc/11/gcc/../../../../lib/gcc/11/gcc/x86_64-apple-darwin21/11/../../../../../../include/c++/11/backward"]
  ignore line: [ignoring duplicate directory "/usr/local/Cellar/gcc/11.3.0/bin/../lib/gcc/11/gcc/../../../../lib/gcc/11/gcc/x86_64-apple-darwin21/11/include"]
  ignore line: [ignoring nonexistent directory "/Applications/Xcode.app/Contents/Developer/Platforms/MacOSX.platform/Developer/SDKs/MacOSX12.3.sdk/usr/local/include"]
  ignore line: [ignoring duplicate directory "/usr/local/Cellar/gcc/11.3.0/bin/../lib/gcc/11/gcc/../../../../lib/gcc/11/gcc/x86_64-apple-darwin21/11/include-fixed"]
  ignore line: [ignoring nonexistent directory "/usr/local/Cellar/gcc/11.3.0/bin/../lib/gcc/11/gcc/../../../../lib/gcc/11/gcc/x86_64-apple-darwin21/11/../../../../../../x86_64-apple-darwin21/include"]
  ignore line: [ignoring nonexistent directory "/Applications/Xcode.app/Contents/Developer/Platforms/MacOSX.platform/Developer/SDKs/MacOSX12.3.sdk/Library/Frameworks"]
  ignore line: [#include "..." search starts here:]
  ignore line: [#include <...> search starts here:]
  ignore line: [ /usr/local/Cellar/gcc/11.3.0/bin/../lib/gcc/11/gcc/x86_64-apple-darwin21/11/../../../../../../include/c++/11]
  ignore line: [ /usr/local/Cellar/gcc/11.3.0/bin/../lib/gcc/11/gcc/x86_64-apple-darwin21/11/../../../../../../include/c++/11/x86_64-apple-darwin21]
  ignore line: [ /usr/local/Cellar/gcc/11.3.0/bin/../lib/gcc/11/gcc/x86_64-apple-darwin21/11/../../../../../../include/c++/11/backward]
  ignore line: [ /usr/local/Cellar/gcc/11.3.0/bin/../lib/gcc/11/gcc/x86_64-apple-darwin21/11/include]
  ignore line: [ /usr/local/Cellar/gcc/11.3.0/bin/../lib/gcc/11/gcc/x86_64-apple-darwin21/11/include-fixed]
  ignore line: [ /Applications/Xcode.app/Contents/Developer/Platforms/MacOSX.platform/Developer/SDKs/MacOSX12.3.sdk/usr/include]
  ignore line: [ /Applications/Xcode.app/Contents/Developer/Platforms/MacOSX.platform/Developer/SDKs/MacOSX12.3.sdk/System/Library/Frameworks]
  ignore line: [End of search list.]
  ignore line: [GNU C++17 (Homebrew GCC 11.3.0) version 11.3.0 (x86_64-apple-darwin21)]
  ignore line: [	compiled by GNU C version 11.3.0  GMP version 6.2.1  MPFR version 4.1.0  MPC version 1.2.1  isl version isl-0.24-GMP]
  ignore line: []
  ignore line: [GGC heuristics: --param ggc-min-expand=100 --param ggc-min-heapsize=131072]
  ignore line: [Compiler executable checksum: a437531753697f8dd00ceac566150e08]
  ignore line: [COLLECT_GCC_OPTIONS='-isysroot' '/Applications/Xcode.app/Contents/Developer/Platforms/MacOSX.platform/Developer/SDKs/MacOSX12.3.sdk' '-v' '-o' 'CMakeFiles/cmTC_0a315.dir/CMakeCXXCompilerABI.cpp.o' '-c' '-mmacosx-version-min=12.4.0'  '-nodefaultexport' '-shared-libgcc' '-mtune=core2' '-dumpdir' 'CMakeFiles/cmTC_0a315.dir/']
  ignore line: [ as -arch x86_64 -v -mmacosx-version-min=12.4 -mllvm -x86-pad-for-align=false -force_cpusubtype_ALL -o CMakeFiles/cmTC_0a315.dir/CMakeCXXCompilerABI.cpp.o /var/folders/g0/xsrst9lx5cz853pvxj7pxdh00000gn/T//ccZj3hlC.s]
  ignore line: [Apple clang version 13.1.6 (clang-1316.0.21.2.5)]
  ignore line: [Target: x86_64-apple-darwin21.5.0]
  ignore line: [Thread model: posix]
  ignore line: [InstalledDir: /Applications/Xcode.app/Contents/Developer/Toolchains/XcodeDefault.xctoolchain/usr/bin]
  ignore line: [ "/Applications/Xcode.app/Contents/Developer/Toolchains/XcodeDefault.xctoolchain/usr/bin/clang" -cc1as -triple x86_64-apple-macosx12.4.0 -filetype obj -main-file-name ccZj3hlC.s -target-cpu penryn -fdebug-compilation-dir=/Users/rodionkargapolov/CLionProjects/Yandex-praktikum/TransportCatalogue/cmake-build-debug/CMakeFiles/CMakeTmp -dwarf-debug-producer "Apple clang version 13.1.6 (clang-1316.0.21.2.5)" -dwarf-version=4 -mrelocation-model pic --mrelax-relocations -mllvm -x86-pad-for-align=false -mllvm -disable-aligned-alloc-awareness=1 -o CMakeFiles/cmTC_0a315.dir/CMakeCXXCompilerABI.cpp.o /var/folders/g0/xsrst9lx5cz853pvxj7pxdh00000gn/T//ccZj3hlC.s]
  ignore line: [COMPILER_PATH=/usr/local/Cellar/gcc/11.3.0/bin/../libexec/gcc/x86_64-apple-darwin21/11/:/usr/local/Cellar/gcc/11.3.0/bin/../libexec/gcc/]
  ignore line: [LIBRARY_PATH=/usr/local/Cellar/gcc/11.3.0/bin/../lib/gcc/11/gcc/x86_64-apple-darwin21/11/:/usr/local/Cellar/gcc/11.3.0/bin/../lib/gcc/11/gcc/:/usr/local/Cellar/gcc/11.3.0/bin/../lib/gcc/11/gcc/x86_64-apple-darwin21/11/../../../]
  ignore line: [COLLECT_GCC_OPTIONS='-isysroot' '/Applications/Xcode.app/Contents/Developer/Platforms/MacOSX.platform/Developer/SDKs/MacOSX12.3.sdk' '-v' '-o' 'CMakeFiles/cmTC_0a315.dir/CMakeCXXCompilerABI.cpp.o' '-c' '-mmacosx-version-min=12.4.0'  '-nodefaultexport' '-shared-libgcc' '-mtune=core2' '-dumpdir' 'CMakeFiles/cmTC_0a315.dir/CMakeCXXCompilerABI.cpp.']
  ignore line: [[2/2] Linking CXX executable cmTC_0a315]
  ignore line: [Using built-in specs.]
  ignore line: [COLLECT_GCC=/usr/local/Cellar/gcc/11.3.0/bin/g++-11]
  ignore line: [COLLECT_LTO_WRAPPER=/usr/local/Cellar/gcc/11.3.0/bin/../libexec/gcc/x86_64-apple-darwin21/11/lto-wrapper]
  ignore line: [Target: x86_64-apple-darwin21]
  ignore line: [Configured with: ../configure --prefix=/usr/local/opt/gcc --libdir=/usr/local/opt/gcc/lib/gcc/11 --disable-nls --enable-checking=release --with-gcc-major-version-only --enable-languages=c c++ objc obj-c++ fortran d --program-suffix=-11 --with-gmp=/usr/local/opt/gmp --with-mpfr=/usr/local/opt/mpfr --with-mpc=/usr/local/opt/libmpc --with-isl=/usr/local/opt/isl --with-zstd=/usr/local/opt/zstd --with-pkgversion='Homebrew GCC 11.3.0' --with-bugurl=https://github.com/Homebrew/homebrew-core/issues --enable-libphobos --build=x86_64-apple-darwin21 --with-system-zlib --disable-multilib --with-native-system-header-dir=/usr/include --with-sysroot=/Library/Developer/CommandLineTools/SDKs/MacOSX12.sdk]
  ignore line: [Thread model: posix]
  ignore line: [Supported LTO compression algorithms: zlib zstd]
  ignore line: [gcc version 11.3.0 (Homebrew GCC 11.3.0) ]
  ignore line: [COMPILER_PATH=/usr/local/Cellar/gcc/11.3.0/bin/../libexec/gcc/x86_64-apple-darwin21/11/:/usr/local/Cellar/gcc/11.3.0/bin/../libexec/gcc/]
  ignore line: [LIBRARY_PATH=/usr/local/Cellar/gcc/11.3.0/bin/../lib/gcc/11/gcc/x86_64-apple-darwin21/11/:/usr/local/Cellar/gcc/11.3.0/bin/../lib/gcc/11/gcc/:/usr/local/Cellar/gcc/11.3.0/bin/../lib/gcc/11/gcc/x86_64-apple-darwin21/11/../../../]
  ignore line: [COLLECT_GCC_OPTIONS='-isysroot' '/Applications/Xcode.app/Contents/Developer/Platforms/MacOSX.platform/Developer/SDKs/MacOSX12.3.sdk' '-v' '-o' 'cmTC_0a315' '-mmacosx-version-min=12.4.0' '-asm_macosx_version_min=12.4' '-nodefaultexport' '-shared-libgcc' '-mtune=core2' '-dumpdir' 'cmTC_0a315.']
  link line: [ /usr/local/Cellar/gcc/11.3.0/bin/../libexec/gcc/x86_64-apple-darwin21/11/collect2 -dynamic -arch x86_64 -syslibroot /Applications/Xcode.app/Contents/Developer/Platforms/MacOSX.platform/Developer/SDKs/MacOSX12.3.sdk -macosx_version_min 12.4.0 -o cmTC_0a315 -L/usr/local/Cellar/gcc/11.3.0/bin/../lib/gcc/11/gcc/x86_64-apple-darwin21/11 -L/usr/local/Cellar/gcc/11.3.0/bin/../lib/gcc/11/gcc -L/usr/local/Cellar/gcc/11.3.0/bin/../lib/gcc/11/gcc/x86_64-apple-darwin21/11/../../.. -search_paths_first -headerpad_max_install_names -v CMakeFiles/cmTC_0a315.dir/CMakeCXXCompilerABI.cpp.o -lstdc++ -lemutls_w -lgcc -lSystem -no_compact_unwind]
    arg [/usr/local/Cellar/gcc/11.3.0/bin/../libexec/gcc/x86_64-apple-darwin21/11/collect2] ==> ignore
    arg [-dynamic] ==> ignore
    arg [-arch] ==> ignore
    arg [x86_64] ==> ignore
    arg [-syslibroot] ==> ignore
    arg [/Applications/Xcode.app/Contents/Developer/Platforms/MacOSX.platform/Developer/SDKs/MacOSX12.3.sdk] ==> ignore
    arg [-macosx_version_min] ==> ignore
    arg [12.4.0] ==> ignore
    arg [-o] ==> ignore
    arg [cmTC_0a315] ==> ignore
    arg [-L/usr/local/Cellar/gcc/11.3.0/bin/../lib/gcc/11/gcc/x86_64-apple-darwin21/11] ==> dir [/usr/local/Cellar/gcc/11.3.0/bin/../lib/gcc/11/gcc/x86_64-apple-darwin21/11]
    arg [-L/usr/local/Cellar/gcc/11.3.0/bin/../lib/gcc/11/gcc] ==> dir [/usr/local/Cellar/gcc/11.3.0/bin/../lib/gcc/11/gcc]
    arg [-L/usr/local/Cellar/gcc/11.3.0/bin/../lib/gcc/11/gcc/x86_64-apple-darwin21/11/../../..] ==> dir [/usr/local/Cellar/gcc/11.3.0/bin/../lib/gcc/11/gcc/x86_64-apple-darwin21/11/../../..]
    arg [-search_paths_first] ==> ignore
    arg [-headerpad_max_install_names] ==> ignore
    arg [-v] ==> ignore
    arg [CMakeFiles/cmTC_0a315.dir/CMakeCXXCompilerABI.cpp.o] ==> ignore
    arg [-lstdc++] ==> lib [stdc++]
    arg [-lemutls_w] ==> lib [emutls_w]
    arg [-lgcc] ==> lib [gcc]
    arg [-lSystem] ==> lib [System]
    arg [-no_compact_unwind] ==> ignore
  Library search paths: [;/usr/local/Cellar/gcc/11.3.0/lib/gcc/11/gcc/x86_64-apple-darwin21/11;/usr/local/Cellar/gcc/11.3.0/lib/gcc/11/gcc;/usr/local/Cellar/gcc/11.3.0/lib/gcc/11;/Applications/Xcode.app/Contents/Developer/Platforms/MacOSX.platform/Developer/SDKs/MacOSX12.3.sdk/usr/lib]
  Framework search paths: [;/Applications/Xcode.app/Contents/Developer/Platforms/MacOSX.platform/Developer/SDKs/MacOSX12.3.sdk/System/Library/Frameworks/]
  remove lib [System]
  collapse library dir [/usr/local/Cellar/gcc/11.3.0/bin/../lib/gcc/11/gcc/x86_64-apple-darwin21/11] ==> [/usr/local/Cellar/gcc/11.3.0/lib/gcc/11/gcc/x86_64-apple-darwin21/11]
  collapse library dir [/usr/local/Cellar/gcc/11.3.0/bin/../lib/gcc/11/gcc] ==> [/usr/local/Cellar/gcc/11.3.0/lib/gcc/11/gcc]
  collapse library dir [/usr/local/Cellar/gcc/11.3.0/bin/../lib/gcc/11/gcc/x86_64-apple-darwin21/11/../../..] ==> [/usr/local/Cellar/gcc/11.3.0/lib/gcc/11]
  collapse library dir [/usr/local/Cellar/gcc/11.3.0/lib/gcc/11/gcc/x86_64-apple-darwin21/11] ==> [/usr/local/Cellar/gcc/11.3.0/lib/gcc/11/gcc/x86_64-apple-darwin21/11]
  collapse library dir [/usr/local/Cellar/gcc/11.3.0/lib/gcc/11/gcc] ==> [/usr/local/Cellar/gcc/11.3.0/lib/gcc/11/gcc]
  collapse library dir [/usr/local/Cellar/gcc/11.3.0/lib/gcc/11] ==> [/usr/local/Cellar/gcc/11.3.0/lib/gcc/11]
  collapse library dir [/Applications/Xcode.app/Contents/Developer/Platforms/MacOSX.platform/Developer/SDKs/MacOSX12.3.sdk/usr/lib] ==> [/Applications/Xcode.app/Contents/Developer/Platforms/MacOSX.platform/Developer/SDKs/MacOSX12.3.sdk/usr/lib]
  collapse framework dir [/Applications/Xcode.app/Contents/Developer/Platforms/MacOSX.platform/Developer/SDKs/MacOSX12.3.sdk/System/Library/Frameworks/] ==> [/Applications/Xcode.app/Contents/Developer/Platforms/MacOSX.platform/Developer/SDKs/MacOSX12.3.sdk/System/Library/Frameworks]
  implicit libs: [stdc++;emutls_w;gcc]
  implicit objs: []
  implicit dirs: [/usr/local/Cellar/gcc/11.3.0/lib/gcc/11/gcc/x86_64-apple-darwin21/11;/usr/local/Cellar/gcc/11.3.0/lib/gcc/11/gcc;/usr/local/Cellar/gcc/11.3.0/lib/gcc/11;/Applications/Xcode.app/Contents/Developer/Platforms/MacOSX.platform/Developer/SDKs/MacOSX12.3.sdk/usr/lib]
  implicit fwks: [/Applications/Xcode.app/Contents/Developer/Platforms/MacOSX.platform/Developer/SDKs/MacOSX12.3.sdk/System/Library/Frameworks]


